2019-05-21 23:03:21,849 [Worker-4: Loading available Gradle versions] INFO  o.e.b.c.i.u.g.PublishedGradleVersions - Gradle version information cache is up-to-date. Trying to read.
2019-05-21 23:03:57,363 [Worker-5: Creating project "rt"] INFO  o.e.m.c.i.l.LifecycleMappingFactory - Using NULL lifecycle mapping for MavenProject: com.ky:rt:0.0.1-SNAPSHOT @ C:\Users\aweikn\Documents\rt-work\rt\pom.xml.
2019-05-21 23:58:18,923 [ModalContext] INFO  o.a.s.c.u.s.e.EdDSASecurityProviderRegistrar - getOrCreateProvider(EdDSA) created instance of net.i2p.crypto.eddsa.EdDSASecurityProvider
2019-05-21 23:58:49,455 [Worker-34: Building workspace] INFO  o.e.m.c.i.l.LifecycleMappingFactory - Using NULL lifecycle mapping for MavenProject: com.ky:rt:0.0.1-SNAPSHOT @ C:\Users\aweikn\git\RT\rt\pom.xml.
2019-05-22 00:03:45,936 [Worker-35: Creating maven-archetype-webapp] INFO  o.e.m.c.i.p.ProjectConfigurationManager - Collecting project info '/pom.xml' C:\Users\aweikn\Documents\rt-work\rt-web\pom.xml
2019-05-22 00:03:48,952 [Worker-35: Creating maven-archetype-webapp] INFO  o.e.m.c.i.l.LifecycleMappingFactory - Using org.maven.ide.eclipse.wtp.WarLifecycleMapping lifecycle mapping for MavenProject: com.ky:rt-web:0.0.1-SNAPSHOT @ C:\Users\aweikn\Documents\rt-work\rt-web\pom.xml.
2019-05-22 00:03:51,300 [Worker-35: Creating maven-archetype-webapp] INFO  o.e.m.j.i.AbstractJavaProjectConfigurator - Adding source folder /rt-web/src/main/java
2019-05-22 00:03:51,301 [Worker-35: Creating maven-archetype-webapp] INFO  o.e.m.j.i.AbstractJavaProjectConfigurator - Adding resource folder /rt-web/src/main/resources
2019-05-22 00:03:51,302 [Worker-35: Creating maven-archetype-webapp] INFO  o.e.m.j.i.AbstractJavaProjectConfigurator - Adding source folder /rt-web/src/test/java
2019-05-22 00:03:57,395 [Worker-35: Creating maven-archetype-webapp] INFO  o.e.m.c.i.p.ProjectConfigurationManager - Imported and configured 1 project(s) in 11 sec
2019-05-22 00:03:59,005 [Worker-35: Building workspace] WARN  o.e.m.c.i.embedder.EclipseLogger - Using platform encoding (GBK actually) to copy filtered resources, i.e. build is platform dependent!
2019-05-22 00:03:59,020 [Worker-35: Building workspace] INFO  o.e.m.c.i.embedder.EclipseLogger - Copying 0 resource
2019-05-22 00:03:59,036 [Worker-35: Building workspace] WARN  o.e.m.c.i.embedder.EclipseLogger - Using platform encoding (GBK actually) to copy filtered resources, i.e. build is platform dependent!
2019-05-22 00:03:59,036 [Worker-35: Building workspace] INFO  o.e.m.c.i.embedder.EclipseLogger - skip non existing resourceDirectory C:\Users\aweikn\Documents\rt-work\rt-web\src\test\resources
2019-05-22 00:05:05,048 [Worker-37: Creating maven-archetype-webapp] INFO  o.e.m.c.i.p.ProjectConfigurationManager - Collecting project info '/pom.xml' C:\Users\aweikn\git\RT\rt\rt-web\pom.xml
2019-05-22 00:05:06,501 [Worker-37: Creating maven-archetype-webapp] INFO  o.e.m.c.i.l.LifecycleMappingFactory - Using org.maven.ide.eclipse.wtp.WarLifecycleMapping lifecycle mapping for MavenProject: com.ky:rt-web:0.0.1-SNAPSHOT @ C:\Users\aweikn\git\RT\rt\rt-web\pom.xml.
2019-05-22 00:05:08,486 [Worker-37: Creating maven-archetype-webapp] INFO  o.e.m.j.i.AbstractJavaProjectConfigurator - Adding source folder /rt-web/src/main/java
2019-05-22 00:05:08,486 [Worker-37: Creating maven-archetype-webapp] INFO  o.e.m.j.i.AbstractJavaProjectConfigurator - Adding resource folder /rt-web/src/main/resources
2019-05-22 00:05:08,501 [Worker-37: Creating maven-archetype-webapp] INFO  o.e.m.j.i.AbstractJavaProjectConfigurator - Adding source folder /rt-web/src/test/java
2019-05-22 00:05:11,684 [Worker-37: Creating maven-archetype-webapp] INFO  o.e.m.c.i.p.ProjectConfigurationManager - Imported and configured 1 project(s) in 6 sec
2019-05-22 00:05:12,622 [Worker-36: Building workspace] INFO  o.e.m.c.i.l.LifecycleMappingFactory - Using NULL lifecycle mapping for MavenProject: com.ky:rt:0.0.1-SNAPSHOT @ C:\Users\aweikn\git\RT\rt\pom.xml.
2019-05-22 00:05:13,700 [Worker-36: Building workspace] INFO  o.e.m.c.i.l.LifecycleMappingFactory - Using org.maven.ide.eclipse.wtp.WarLifecycleMapping lifecycle mapping for MavenProject: com.ky:rt-web:0.0.1-SNAPSHOT @ C:\Users\aweikn\git\RT\rt\rt-web\pom.xml.
2019-05-22 00:05:18,197 [Worker-37: Building workspace] WARN  o.e.m.c.i.embedder.EclipseLogger - Using platform encoding (GBK actually) to copy filtered resources, i.e. build is platform dependent!
2019-05-22 00:05:18,197 [Worker-37: Building workspace] INFO  o.e.m.c.i.embedder.EclipseLogger - Copying 0 resource
2019-05-22 00:05:18,197 [Worker-37: Building workspace] WARN  o.e.m.c.i.embedder.EclipseLogger - Using platform encoding (GBK actually) to copy filtered resources, i.e. build is platform dependent!
2019-05-22 00:05:18,213 [Worker-37: Building workspace] INFO  o.e.m.c.i.embedder.EclipseLogger - skip non existing resourceDirectory C:\Users\aweikn\git\RT\rt\rt-web\src\test\resources
2019-05-22 00:08:06,745 [Worker-35: Validation] WARN  o.e.m.c.i.embedder.EclipseLogger - Using platform encoding (GBK actually) to copy filtered resources, i.e. build is platform dependent!
2019-05-22 00:08:06,760 [Worker-35: Validation] INFO  o.e.m.c.i.embedder.EclipseLogger - Copying 0 resource
2019-05-22 00:08:06,760 [Worker-35: Validation] WARN  o.e.m.c.i.embedder.EclipseLogger - Using platform encoding (GBK actually) to copy filtered resources, i.e. build is platform dependent!
2019-05-22 00:08:06,760 [Worker-35: Validation] INFO  o.e.m.c.i.embedder.EclipseLogger - skip non existing resourceDirectory C:\Users\aweikn\git\RT\rt\rt-web\src\test\resources
2019-05-22 00:08:10,068 [Worker-33: Validation] WARN  o.e.m.c.i.embedder.EclipseLogger - Using platform encoding (GBK actually) to copy filtered resources, i.e. build is platform dependent!
2019-05-22 00:08:10,068 [Worker-33: Validation] INFO  o.e.m.c.i.embedder.EclipseLogger - Copying 0 resource
2019-05-22 00:08:10,068 [Worker-33: Validation] WARN  o.e.m.c.i.embedder.EclipseLogger - Using platform encoding (GBK actually) to copy filtered resources, i.e. build is platform dependent!
2019-05-22 00:08:10,068 [Worker-33: Validation] INFO  o.e.m.c.i.embedder.EclipseLogger - skip non existing resourceDirectory C:\Users\aweikn\git\RT\rt\rt-web\src\test\resources
2019-05-22 00:09:56,676 [Worker-40: Building workspace] WARN  o.e.m.c.i.embedder.EclipseLogger - Using platform encoding (GBK actually) to copy filtered resources, i.e. build is platform dependent!
2019-05-22 00:09:56,676 [Worker-40: Building workspace] INFO  o.e.m.c.i.embedder.EclipseLogger - Copying 0 resource
2019-05-22 00:09:56,691 [Worker-40: Building workspace] WARN  o.e.m.c.i.embedder.EclipseLogger - Using platform encoding (GBK actually) to copy filtered resources, i.e. build is platform dependent!
2019-05-22 00:09:56,691 [Worker-40: Building workspace] INFO  o.e.m.c.i.embedder.EclipseLogger - skip non existing resourceDirectory C:\Users\aweikn\git\RT\rt\rt-web\src\test\resources
2019-05-22 00:13:28,415 [Worker-42: Creating project "rt"] INFO  o.e.m.c.i.l.LifecycleMappingFactory - Using NULL lifecycle mapping for MavenProject: com.ky:rt:0.0.1-SNAPSHOT @ C:\Users\aweikn\Documents\rt-work\rt\pom.xml.
2019-05-22 00:13:59,305 [Worker-42: Creating maven-archetype-webapp] INFO  o.e.m.c.i.p.ProjectConfigurationManager - Collecting project info '/pom.xml' C:\Users\aweikn\Documents\rt-work\rt\rt-web\pom.xml
2019-05-22 00:14:00,492 [Worker-42: Creating maven-archetype-webapp] INFO  o.e.m.c.i.l.LifecycleMappingFactory - Using org.maven.ide.eclipse.wtp.WarLifecycleMapping lifecycle mapping for MavenProject: com.ky:rt-web:0.0.1-SNAPSHOT @ C:\Users\aweikn\Documents\rt-work\rt\rt-web\pom.xml.
2019-05-22 00:14:01,836 [Worker-42: Creating maven-archetype-webapp] INFO  o.e.m.j.i.AbstractJavaProjectConfigurator - Adding source folder /rt-web/src/main/java
2019-05-22 00:14:01,836 [Worker-42: Creating maven-archetype-webapp] INFO  o.e.m.j.i.AbstractJavaProjectConfigurator - Adding resource folder /rt-web/src/main/resources
2019-05-22 00:14:01,836 [Worker-42: Creating maven-archetype-webapp] INFO  o.e.m.j.i.AbstractJavaProjectConfigurator - Adding source folder /rt-web/src/test/java
2019-05-22 00:14:04,845 [Worker-42: Creating maven-archetype-webapp] INFO  o.e.m.c.i.p.ProjectConfigurationManager - Imported and configured 1 project(s) in 5 sec
2019-05-22 00:14:05,736 [Worker-36: Building workspace] INFO  o.e.m.c.i.l.LifecycleMappingFactory - Using NULL lifecycle mapping for MavenProject: com.ky:rt:0.0.1-SNAPSHOT @ C:\Users\aweikn\Documents\rt-work\rt\pom.xml.
2019-05-22 00:14:06,939 [Worker-36: Building workspace] INFO  o.e.m.c.i.l.LifecycleMappingFactory - Using org.maven.ide.eclipse.wtp.WarLifecycleMapping lifecycle mapping for MavenProject: com.ky:rt-web:0.0.1-SNAPSHOT @ C:\Users\aweikn\Documents\rt-work\rt\rt-web\pom.xml.
2019-05-22 00:14:09,040 [Worker-44: Building workspace] WARN  o.e.m.c.i.embedder.EclipseLogger - Using platform encoding (GBK actually) to copy filtered resources, i.e. build is platform dependent!
2019-05-22 00:14:09,040 [Worker-44: Building workspace] INFO  o.e.m.c.i.embedder.EclipseLogger - Copying 0 resource
